{"C:\\Users\\Windows 11\\Desktop\\Tech-Challenge-Fase2-Final\\authMiddleware.js": {"path":"C:\\Users\\Windows 11\\Desktop\\Tech-Challenge-Fase2-Final\\authMiddleware.js","statementMap":{"0":{"start":{"line":1,"column":12},"end":{"line":1,"column":35}},"1":{"start":{"line":2,"column":15},"end":{"line":2,"column":36}},"2":{"start":{"line":5,"column":4},"end":{"line":31,"column":6}},"3":{"start":{"line":6,"column":27},"end":{"line":6,"column":55}},"4":{"start":{"line":8,"column":8},"end":{"line":8,"column":52}},"5":{"start":{"line":10,"column":8},"end":{"line":12,"column":9}},"6":{"start":{"line":11,"column":12},"end":{"line":11,"column":92}},"7":{"start":{"line":15,"column":22},"end":{"line":15,"column":46}},"8":{"start":{"line":17,"column":8},"end":{"line":30,"column":11}},"9":{"start":{"line":18,"column":12},"end":{"line":20,"column":13}},"10":{"start":{"line":19,"column":16},"end":{"line":19,"column":87}},"11":{"start":{"line":24,"column":12},"end":{"line":26,"column":13}},"12":{"start":{"line":25,"column":16},"end":{"line":25,"column":98}},"13":{"start":{"line":28,"column":12},"end":{"line":28,"column":31}},"14":{"start":{"line":29,"column":12},"end":{"line":29,"column":19}},"15":{"start":{"line":34,"column":0},"end":{"line":34,"column":39}}},"fnMap":{"0":{"name":"authorize","decl":{"start":{"line":4,"column":9},"end":{"line":4,"column":18}},"loc":{"start":{"line":4,"column":33},"end":{"line":32,"column":1}},"line":4},"1":{"name":"(anonymous_1)","decl":{"start":{"line":5,"column":11},"end":{"line":5,"column":12}},"loc":{"start":{"line":5,"column":31},"end":{"line":31,"column":5}},"line":5},"2":{"name":"(anonymous_2)","decl":{"start":{"line":17,"column":34},"end":{"line":17,"column":35}},"loc":{"start":{"line":17,"column":52},"end":{"line":30,"column":9}},"line":17}},"branchMap":{"0":{"loc":{"start":{"line":10,"column":8},"end":{"line":12,"column":9}},"type":"if","locations":[{"start":{"line":10,"column":8},"end":{"line":12,"column":9}},{"start":{},"end":{}}],"line":10},"1":{"loc":{"start":{"line":18,"column":12},"end":{"line":20,"column":13}},"type":"if","locations":[{"start":{"line":18,"column":12},"end":{"line":20,"column":13}},{"start":{},"end":{}}],"line":18},"2":{"loc":{"start":{"line":24,"column":12},"end":{"line":26,"column":13}},"type":"if","locations":[{"start":{"line":24,"column":12},"end":{"line":26,"column":13}},{"start":{},"end":{}}],"line":24},"3":{"loc":{"start":{"line":24,"column":16},"end":{"line":24,"column":93}},"type":"binary-expr","locations":[{"start":{"line":24,"column":16},"end":{"line":24,"column":28}},{"start":{"line":24,"column":32},"end":{"line":24,"column":61}},{"start":{"line":24,"column":65},"end":{"line":24,"column":93}}],"line":24}},"s":{"0":1,"1":1,"2":3,"3":1,"4":1,"5":1,"6":0,"7":1,"8":1,"9":1,"10":0,"11":1,"12":0,"13":1,"14":1,"15":1},"f":{"0":3,"1":1,"2":1},"b":{"0":[0,1],"1":[0,1],"2":[0,1],"3":[1,1,0]},"_coverageSchema":"1a1c01bbd47fc00a2c39e90264f33305004495a9","hash":"0bcbb4cd9cb9e997e06fd03184216babb493f909"}
,"C:\\Users\\Windows 11\\Desktop\\Tech-Challenge-Fase2-Final\\database.js": {"path":"C:\\Users\\Windows 11\\Desktop\\Tech-Challenge-Fase2-Final\\database.js","statementMap":{"0":{"start":{"line":1,"column":33},"end":{"line":1,"column":53}},"1":{"start":{"line":4,"column":18},"end":{"line":7,"column":2}},"2":{"start":{"line":10,"column":13},"end":{"line":23,"column":2}},"3":{"start":{"line":26,"column":0},"end":{"line":26,"column":37}}},"fnMap":{},"branchMap":{},"s":{"0":1,"1":1,"2":1,"3":1},"f":{},"b":{},"_coverageSchema":"1a1c01bbd47fc00a2c39e90264f33305004495a9","hash":"d86098c2c418e671db3e959a1893d47bc1a04f88"}
,"C:\\Users\\Windows 11\\Desktop\\Tech-Challenge-Fase2-Final\\index.js": {"path":"C:\\Users\\Windows 11\\Desktop\\Tech-Challenge-Fase2-Final\\index.js","statementMap":{"0":{"start":{"line":1,"column":16},"end":{"line":1,"column":34}},"1":{"start":{"line":2,"column":12},"end":{"line":2,"column":35}},"2":{"start":{"line":3,"column":15},"end":{"line":3,"column":35}},"3":{"start":{"line":4,"column":28},"end":{"line":4,"column":49}},"4":{"start":{"line":5,"column":30},"end":{"line":5,"column":57}},"5":{"start":{"line":7,"column":12},"end":{"line":7,"column":21}},"6":{"start":{"line":8,"column":0},"end":{"line":8,"column":24}},"7":{"start":{"line":11,"column":0},"end":{"line":18,"column":3}},"8":{"start":{"line":12,"column":31},"end":{"line":12,"column":39}},"9":{"start":{"line":13,"column":4},"end":{"line":15,"column":5}},"10":{"start":{"line":14,"column":8},"end":{"line":14,"column":67}},"11":{"start":{"line":16,"column":18},"end":{"line":16,"column":75}},"12":{"start":{"line":17,"column":4},"end":{"line":17,"column":72}},"13":{"start":{"line":23,"column":0},"end":{"line":26,"column":3}},"14":{"start":{"line":24,"column":18},"end":{"line":24,"column":38}},"15":{"start":{"line":25,"column":4},"end":{"line":25,"column":20}},"16":{"start":{"line":31,"column":0},"end":{"line":48,"column":3}},"17":{"start":{"line":32,"column":4},"end":{"line":47,"column":5}},"18":{"start":{"line":33,"column":22},"end":{"line":33,"column":39}},"19":{"start":{"line":35,"column":22},"end":{"line":42,"column":10}},"20":{"start":{"line":44,"column":8},"end":{"line":44,"column":36}},"21":{"start":{"line":46,"column":8},"end":{"line":46,"column":88}},"22":{"start":{"line":51,"column":0},"end":{"line":54,"column":3}},"23":{"start":{"line":52,"column":17},"end":{"line":52,"column":51}},"24":{"start":{"line":53,"column":4},"end":{"line":53,"column":85}},"25":{"start":{"line":57,"column":0},"end":{"line":64,"column":3}},"26":{"start":{"line":58,"column":4},"end":{"line":63,"column":5}},"27":{"start":{"line":59,"column":21},"end":{"line":59,"column":82}},"28":{"start":{"line":60,"column":8},"end":{"line":60,"column":35}},"29":{"start":{"line":62,"column":8},"end":{"line":62,"column":55}},"30":{"start":{"line":67,"column":0},"end":{"line":74,"column":3}},"31":{"start":{"line":68,"column":4},"end":{"line":73,"column":5}},"32":{"start":{"line":69,"column":26},"end":{"line":69,"column":87}},"33":{"start":{"line":70,"column":8},"end":{"line":70,"column":120}},"34":{"start":{"line":72,"column":8},"end":{"line":72,"column":55}},"35":{"start":{"line":77,"column":0},"end":{"line":89,"column":3}},"36":{"start":{"line":78,"column":4},"end":{"line":88,"column":5}},"37":{"start":{"line":79,"column":24},"end":{"line":79,"column":76}},"38":{"start":{"line":81,"column":8},"end":{"line":85,"column":9}},"39":{"start":{"line":82,"column":12},"end":{"line":82,"column":106}},"40":{"start":{"line":84,"column":12},"end":{"line":84,"column":69}},"41":{"start":{"line":87,"column":8},"end":{"line":87,"column":88}},"42":{"start":{"line":92,"column":0},"end":{"line":94,"column":1}},"43":{"start":{"line":93,"column":4},"end":{"line":93,"column":95}},"44":{"start":{"line":93,"column":32},"end":{"line":93,"column":93}},"45":{"start":{"line":93,"column":55},"end":{"line":93,"column":92}},"46":{"start":{"line":96,"column":0},"end":{"line":96,"column":21}}},"fnMap":{"0":{"name":"(anonymous_0)","decl":{"start":{"line":11,"column":19},"end":{"line":11,"column":20}},"loc":{"start":{"line":11,"column":33},"end":{"line":18,"column":1}},"line":11},"1":{"name":"(anonymous_1)","decl":{"start":{"line":23,"column":18},"end":{"line":23,"column":19}},"loc":{"start":{"line":23,"column":38},"end":{"line":26,"column":1}},"line":23},"2":{"name":"(anonymous_2)","decl":{"start":{"line":31,"column":25},"end":{"line":31,"column":26}},"loc":{"start":{"line":31,"column":45},"end":{"line":48,"column":1}},"line":31},"3":{"name":"(anonymous_3)","decl":{"start":{"line":51,"column":22},"end":{"line":51,"column":23}},"loc":{"start":{"line":51,"column":42},"end":{"line":54,"column":1}},"line":51},"4":{"name":"(anonymous_4)","decl":{"start":{"line":57,"column":43},"end":{"line":57,"column":44}},"loc":{"start":{"line":57,"column":63},"end":{"line":64,"column":1}},"line":57},"5":{"name":"(anonymous_5)","decl":{"start":{"line":67,"column":46},"end":{"line":67,"column":47}},"loc":{"start":{"line":67,"column":66},"end":{"line":74,"column":1}},"line":67},"6":{"name":"(anonymous_6)","decl":{"start":{"line":77,"column":49},"end":{"line":77,"column":50}},"loc":{"start":{"line":77,"column":69},"end":{"line":89,"column":1}},"line":77},"7":{"name":"(anonymous_7)","decl":{"start":{"line":93,"column":26},"end":{"line":93,"column":27}},"loc":{"start":{"line":93,"column":32},"end":{"line":93,"column":93}},"line":93},"8":{"name":"(anonymous_8)","decl":{"start":{"line":93,"column":49},"end":{"line":93,"column":50}},"loc":{"start":{"line":93,"column":55},"end":{"line":93,"column":92}},"line":93}},"branchMap":{"0":{"loc":{"start":{"line":13,"column":4},"end":{"line":15,"column":5}},"type":"if","locations":[{"start":{"line":13,"column":4},"end":{"line":15,"column":5}},{"start":{},"end":{}}],"line":13},"1":{"loc":{"start":{"line":13,"column":8},"end":{"line":13,"column":48}},"type":"binary-expr","locations":[{"start":{"line":13,"column":8},"end":{"line":13,"column":28}},{"start":{"line":13,"column":32},"end":{"line":13,"column":48}}],"line":13},"2":{"loc":{"start":{"line":33,"column":22},"end":{"line":33,"column":39}},"type":"binary-expr","locations":[{"start":{"line":33,"column":22},"end":{"line":33,"column":33}},{"start":{"line":33,"column":37},"end":{"line":33,"column":39}}],"line":33},"3":{"loc":{"start":{"line":53,"column":4},"end":{"line":53,"column":84}},"type":"cond-expr","locations":[{"start":{"line":53,"column":11},"end":{"line":53,"column":25}},{"start":{"line":53,"column":28},"end":{"line":53,"column":84}}],"line":53},"4":{"loc":{"start":{"line":70,"column":8},"end":{"line":70,"column":119}},"type":"cond-expr","locations":[{"start":{"line":70,"column":18},"end":{"line":70,"column":65}},{"start":{"line":70,"column":68},"end":{"line":70,"column":119}}],"line":70},"5":{"loc":{"start":{"line":81,"column":8},"end":{"line":85,"column":9}},"type":"if","locations":[{"start":{"line":81,"column":8},"end":{"line":85,"column":9}},{"start":{"line":83,"column":15},"end":{"line":85,"column":9}}],"line":81},"6":{"loc":{"start":{"line":92,"column":0},"end":{"line":94,"column":1}},"type":"if","locations":[{"start":{"line":92,"column":0},"end":{"line":94,"column":1}},{"start":{},"end":{}}],"line":92}},"s":{"0":1,"1":1,"2":1,"3":1,"4":1,"5":1,"6":1,"7":1,"8":0,"9":0,"10":0,"11":0,"12":0,"13":1,"14":0,"15":0,"16":1,"17":0,"18":0,"19":0,"20":0,"21":0,"22":1,"23":0,"24":0,"25":1,"26":1,"27":1,"28":1,"29":0,"30":1,"31":0,"32":0,"33":0,"34":0,"35":1,"36":0,"37":0,"38":0,"39":0,"40":0,"41":0,"42":1,"43":0,"44":0,"45":0,"46":1},"f":{"0":0,"1":0,"2":0,"3":0,"4":1,"5":0,"6":0,"7":0,"8":0},"b":{"0":[0,0],"1":[0,0],"2":[0,0],"3":[0,0],"4":[0,0],"5":[0,0],"6":[0,1]},"_coverageSchema":"1a1c01bbd47fc00a2c39e90264f33305004495a9","hash":"e40e5cc4d927bad1c441f5f6029010306a591d08"}
}
