{"C:\\Users\\Windows 11\\Desktop\\Tech-Challenge-Fase2-Final\\authMiddleware.js": {"path":"C:\\Users\\Windows 11\\Desktop\\Tech-Challenge-Fase2-Final\\authMiddleware.js","statementMap":{"0":{"start":{"line":1,"column":12},"end":{"line":1,"column":35}},"1":{"start":{"line":5,"column":15},"end":{"line":5,"column":62}},"2":{"start":{"line":8,"column":4},"end":{"line":36,"column":6}},"3":{"start":{"line":9,"column":27},"end":{"line":9,"column":55}},"4":{"start":{"line":11,"column":8},"end":{"line":13,"column":9}},"5":{"start":{"line":12,"column":12},"end":{"line":12,"column":92}},"6":{"start":{"line":16,"column":22},"end":{"line":16,"column":46}},"7":{"start":{"line":18,"column":8},"end":{"line":20,"column":9}},"8":{"start":{"line":19,"column":12},"end":{"line":19,"column":92}},"9":{"start":{"line":22,"column":8},"end":{"line":35,"column":11}},"10":{"start":{"line":23,"column":12},"end":{"line":25,"column":13}},"11":{"start":{"line":24,"column":16},"end":{"line":24,"column":87}},"12":{"start":{"line":29,"column":12},"end":{"line":31,"column":13}},"13":{"start":{"line":30,"column":16},"end":{"line":30,"column":98}},"14":{"start":{"line":33,"column":12},"end":{"line":33,"column":31}},"15":{"start":{"line":34,"column":12},"end":{"line":34,"column":19}},"16":{"start":{"line":39,"column":0},"end":{"line":39,"column":39}}},"fnMap":{"0":{"name":"authorize","decl":{"start":{"line":7,"column":9},"end":{"line":7,"column":18}},"loc":{"start":{"line":7,"column":33},"end":{"line":37,"column":1}},"line":7},"1":{"name":"(anonymous_1)","decl":{"start":{"line":8,"column":11},"end":{"line":8,"column":12}},"loc":{"start":{"line":8,"column":31},"end":{"line":36,"column":5}},"line":8},"2":{"name":"(anonymous_2)","decl":{"start":{"line":22,"column":34},"end":{"line":22,"column":35}},"loc":{"start":{"line":22,"column":52},"end":{"line":35,"column":9}},"line":22}},"branchMap":{"0":{"loc":{"start":{"line":5,"column":15},"end":{"line":5,"column":62}},"type":"binary-expr","locations":[{"start":{"line":5,"column":15},"end":{"line":5,"column":37}},{"start":{"line":5,"column":41},"end":{"line":5,"column":62}}],"line":5},"1":{"loc":{"start":{"line":11,"column":8},"end":{"line":13,"column":9}},"type":"if","locations":[{"start":{"line":11,"column":8},"end":{"line":13,"column":9}},{"start":{},"end":{}}],"line":11},"2":{"loc":{"start":{"line":18,"column":8},"end":{"line":20,"column":9}},"type":"if","locations":[{"start":{"line":18,"column":8},"end":{"line":20,"column":9}},{"start":{},"end":{}}],"line":18},"3":{"loc":{"start":{"line":23,"column":12},"end":{"line":25,"column":13}},"type":"if","locations":[{"start":{"line":23,"column":12},"end":{"line":25,"column":13}},{"start":{},"end":{}}],"line":23},"4":{"loc":{"start":{"line":29,"column":12},"end":{"line":31,"column":13}},"type":"if","locations":[{"start":{"line":29,"column":12},"end":{"line":31,"column":13}},{"start":{},"end":{}}],"line":29},"5":{"loc":{"start":{"line":29,"column":16},"end":{"line":29,"column":93}},"type":"binary-expr","locations":[{"start":{"line":29,"column":16},"end":{"line":29,"column":28}},{"start":{"line":29,"column":32},"end":{"line":29,"column":61}},{"start":{"line":29,"column":65},"end":{"line":29,"column":93}}],"line":29}},"s":{"0":1,"1":1,"2":3,"3":5,"4":5,"5":1,"6":4,"7":4,"8":0,"9":4,"10":4,"11":0,"12":4,"13":1,"14":3,"15":3,"16":1},"f":{"0":3,"1":5,"2":4},"b":{"0":[1,1],"1":[1,4],"2":[0,4],"3":[0,4],"4":[1,3],"5":[4,4,1]},"_coverageSchema":"1a1c01bbd47fc00a2c39e90264f33305004495a9","hash":"82a5a2fe43917422f7dbffdf261d9f9c4b2211fc"}
,"C:\\Users\\Windows 11\\Desktop\\Tech-Challenge-Fase2-Final\\database.js": {"path":"C:\\Users\\Windows 11\\Desktop\\Tech-Challenge-Fase2-Final\\database.js","statementMap":{"0":{"start":{"line":1,"column":33},"end":{"line":1,"column":53}},"1":{"start":{"line":4,"column":18},"end":{"line":7,"column":2}},"2":{"start":{"line":10,"column":13},"end":{"line":23,"column":2}},"3":{"start":{"line":26,"column":0},"end":{"line":26,"column":37}}},"fnMap":{},"branchMap":{},"s":{"0":1,"1":1,"2":1,"3":1},"f":{},"b":{},"_coverageSchema":"1a1c01bbd47fc00a2c39e90264f33305004495a9","hash":"d86098c2c418e671db3e959a1893d47bc1a04f88"}
,"C:\\Users\\Windows 11\\Desktop\\Tech-Challenge-Fase2-Final\\index.js": {"path":"C:\\Users\\Windows 11\\Desktop\\Tech-Challenge-Fase2-Final\\index.js","statementMap":{"0":{"start":{"line":1,"column":16},"end":{"line":1,"column":34}},"1":{"start":{"line":2,"column":12},"end":{"line":2,"column":35}},"2":{"start":{"line":3,"column":15},"end":{"line":3,"column":35}},"3":{"start":{"line":4,"column":28},"end":{"line":4,"column":49}},"4":{"start":{"line":5,"column":30},"end":{"line":5,"column":57}},"5":{"start":{"line":7,"column":12},"end":{"line":7,"column":21}},"6":{"start":{"line":8,"column":0},"end":{"line":8,"column":24}},"7":{"start":{"line":11,"column":0},"end":{"line":18,"column":3}},"8":{"start":{"line":12,"column":31},"end":{"line":12,"column":39}},"9":{"start":{"line":13,"column":4},"end":{"line":15,"column":5}},"10":{"start":{"line":14,"column":8},"end":{"line":14,"column":67}},"11":{"start":{"line":16,"column":18},"end":{"line":16,"column":75}},"12":{"start":{"line":17,"column":4},"end":{"line":17,"column":72}},"13":{"start":{"line":23,"column":0},"end":{"line":30,"column":3}},"14":{"start":{"line":24,"column":4},"end":{"line":29,"column":5}},"15":{"start":{"line":25,"column":22},"end":{"line":25,"column":42}},"16":{"start":{"line":26,"column":8},"end":{"line":26,"column":36}},"17":{"start":{"line":28,"column":8},"end":{"line":28,"column":88}},"18":{"start":{"line":35,"column":0},"end":{"line":52,"column":3}},"19":{"start":{"line":36,"column":4},"end":{"line":51,"column":5}},"20":{"start":{"line":37,"column":22},"end":{"line":37,"column":39}},"21":{"start":{"line":39,"column":22},"end":{"line":46,"column":10}},"22":{"start":{"line":48,"column":8},"end":{"line":48,"column":36}},"23":{"start":{"line":50,"column":8},"end":{"line":50,"column":88}},"24":{"start":{"line":55,"column":0},"end":{"line":62,"column":3}},"25":{"start":{"line":56,"column":4},"end":{"line":61,"column":5}},"26":{"start":{"line":57,"column":21},"end":{"line":57,"column":55}},"27":{"start":{"line":58,"column":8},"end":{"line":58,"column":101}},"28":{"start":{"line":60,"column":8},"end":{"line":60,"column":87}},"29":{"start":{"line":65,"column":0},"end":{"line":72,"column":3}},"30":{"start":{"line":66,"column":4},"end":{"line":71,"column":5}},"31":{"start":{"line":67,"column":21},"end":{"line":67,"column":82}},"32":{"start":{"line":68,"column":8},"end":{"line":68,"column":35}},"33":{"start":{"line":70,"column":8},"end":{"line":70,"column":55}},"34":{"start":{"line":75,"column":0},"end":{"line":84,"column":3}},"35":{"start":{"line":76,"column":4},"end":{"line":83,"column":5}},"36":{"start":{"line":77,"column":26},"end":{"line":77,"column":87}},"37":{"start":{"line":78,"column":8},"end":{"line":80,"column":66}},"38":{"start":{"line":82,"column":8},"end":{"line":82,"column":55}},"39":{"start":{"line":87,"column":0},"end":{"line":99,"column":3}},"40":{"start":{"line":88,"column":4},"end":{"line":98,"column":5}},"41":{"start":{"line":89,"column":24},"end":{"line":89,"column":76}},"42":{"start":{"line":91,"column":8},"end":{"line":95,"column":9}},"43":{"start":{"line":92,"column":12},"end":{"line":92,"column":106}},"44":{"start":{"line":94,"column":12},"end":{"line":94,"column":69}},"45":{"start":{"line":97,"column":8},"end":{"line":97,"column":88}},"46":{"start":{"line":102,"column":0},"end":{"line":104,"column":1}},"47":{"start":{"line":103,"column":4},"end":{"line":103,"column":95}},"48":{"start":{"line":103,"column":32},"end":{"line":103,"column":93}},"49":{"start":{"line":103,"column":55},"end":{"line":103,"column":92}},"50":{"start":{"line":106,"column":0},"end":{"line":106,"column":21}}},"fnMap":{"0":{"name":"(anonymous_0)","decl":{"start":{"line":11,"column":19},"end":{"line":11,"column":20}},"loc":{"start":{"line":11,"column":33},"end":{"line":18,"column":1}},"line":11},"1":{"name":"(anonymous_1)","decl":{"start":{"line":23,"column":18},"end":{"line":23,"column":19}},"loc":{"start":{"line":23,"column":38},"end":{"line":30,"column":1}},"line":23},"2":{"name":"(anonymous_2)","decl":{"start":{"line":35,"column":25},"end":{"line":35,"column":26}},"loc":{"start":{"line":35,"column":45},"end":{"line":52,"column":1}},"line":35},"3":{"name":"(anonymous_3)","decl":{"start":{"line":55,"column":22},"end":{"line":55,"column":23}},"loc":{"start":{"line":55,"column":42},"end":{"line":62,"column":1}},"line":55},"4":{"name":"(anonymous_4)","decl":{"start":{"line":65,"column":43},"end":{"line":65,"column":44}},"loc":{"start":{"line":65,"column":63},"end":{"line":72,"column":1}},"line":65},"5":{"name":"(anonymous_5)","decl":{"start":{"line":75,"column":46},"end":{"line":75,"column":47}},"loc":{"start":{"line":75,"column":66},"end":{"line":84,"column":1}},"line":75},"6":{"name":"(anonymous_6)","decl":{"start":{"line":87,"column":49},"end":{"line":87,"column":50}},"loc":{"start":{"line":87,"column":69},"end":{"line":99,"column":1}},"line":87},"7":{"name":"(anonymous_7)","decl":{"start":{"line":103,"column":26},"end":{"line":103,"column":27}},"loc":{"start":{"line":103,"column":32},"end":{"line":103,"column":93}},"line":103},"8":{"name":"(anonymous_8)","decl":{"start":{"line":103,"column":49},"end":{"line":103,"column":50}},"loc":{"start":{"line":103,"column":55},"end":{"line":103,"column":92}},"line":103}},"branchMap":{"0":{"loc":{"start":{"line":13,"column":4},"end":{"line":15,"column":5}},"type":"if","locations":[{"start":{"line":13,"column":4},"end":{"line":15,"column":5}},{"start":{},"end":{}}],"line":13},"1":{"loc":{"start":{"line":13,"column":8},"end":{"line":13,"column":48}},"type":"binary-expr","locations":[{"start":{"line":13,"column":8},"end":{"line":13,"column":28}},{"start":{"line":13,"column":32},"end":{"line":13,"column":48}}],"line":13},"2":{"loc":{"start":{"line":37,"column":22},"end":{"line":37,"column":39}},"type":"binary-expr","locations":[{"start":{"line":37,"column":22},"end":{"line":37,"column":33}},{"start":{"line":37,"column":37},"end":{"line":37,"column":39}}],"line":37},"3":{"loc":{"start":{"line":58,"column":8},"end":{"line":58,"column":100}},"type":"cond-expr","locations":[{"start":{"line":58,"column":15},"end":{"line":58,"column":41}},{"start":{"line":58,"column":44},"end":{"line":58,"column":100}}],"line":58},"4":{"loc":{"start":{"line":78,"column":8},"end":{"line":80,"column":65}},"type":"cond-expr","locations":[{"start":{"line":79,"column":14},"end":{"line":79,"column":73}},{"start":{"line":80,"column":14},"end":{"line":80,"column":65}}],"line":78},"5":{"loc":{"start":{"line":91,"column":8},"end":{"line":95,"column":9}},"type":"if","locations":[{"start":{"line":91,"column":8},"end":{"line":95,"column":9}},{"start":{"line":93,"column":15},"end":{"line":95,"column":9}}],"line":91},"6":{"loc":{"start":{"line":102,"column":0},"end":{"line":104,"column":1}},"type":"if","locations":[{"start":{"line":102,"column":0},"end":{"line":104,"column":1}},{"start":{},"end":{}}],"line":102}},"s":{"0":1,"1":1,"2":1,"3":1,"4":1,"5":1,"6":1,"7":1,"8":2,"9":2,"10":1,"11":1,"12":1,"13":1,"14":1,"15":1,"16":1,"17":0,"18":1,"19":1,"20":1,"21":1,"22":1,"23":0,"24":1,"25":1,"26":1,"27":1,"28":0,"29":1,"30":1,"31":1,"32":1,"33":0,"34":1,"35":1,"36":1,"37":1,"38":0,"39":1,"40":1,"41":1,"42":1,"43":1,"44":0,"45":0,"46":1,"47":0,"48":0,"49":0,"50":1},"f":{"0":2,"1":1,"2":1,"3":1,"4":1,"5":1,"6":1,"7":0,"8":0},"b":{"0":[1,1],"1":[2,1],"2":[1,0],"3":[0,1],"4":[1,0],"5":[1,0],"6":[0,1]},"_coverageSchema":"1a1c01bbd47fc00a2c39e90264f33305004495a9","hash":"f08a81a6067888f8632ec87010d523c2e7a5b0a3"}
}
