TN:
SF:authMiddleware.js
FN:4,authorize
FN:5,(anonymous_1)
FN:17,(anonymous_2)
FNF:3
FNH:3
FNDA:3,authorize
FNDA:1,(anonymous_1)
FNDA:1,(anonymous_2)
DA:1,1
DA:2,1
DA:5,3
DA:6,1
DA:8,1
DA:10,1
DA:11,0
DA:15,1
DA:17,1
DA:18,1
DA:19,0
DA:24,1
DA:25,0
DA:28,1
DA:29,1
DA:34,1
LF:16
LH:13
BRDA:10,0,0,0
BRDA:10,0,1,1
BRDA:18,1,0,0
BRDA:18,1,1,1
BRDA:24,2,0,0
BRDA:24,2,1,1
BRDA:24,3,0,1
BRDA:24,3,1,1
BRDA:24,3,2,0
BRF:9
BRH:5
end_of_record
TN:
SF:database.js
FNF:0
FNH:0
DA:1,1
DA:4,1
DA:10,1
DA:26,1
LF:4
LH:4
BRF:0
BRH:0
end_of_record
TN:
SF:index.js
FN:11,(anonymous_0)
FN:23,(anonymous_1)
FN:31,(anonymous_2)
FN:51,(anonymous_3)
FN:57,(anonymous_4)
FN:67,(anonymous_5)
FN:77,(anonymous_6)
FN:93,(anonymous_7)
FN:93,(anonymous_8)
FNF:9
FNH:1
FNDA:0,(anonymous_0)
FNDA:0,(anonymous_1)
FNDA:0,(anonymous_2)
FNDA:0,(anonymous_3)
FNDA:1,(anonymous_4)
FNDA:0,(anonymous_5)
FNDA:0,(anonymous_6)
FNDA:0,(anonymous_7)
FNDA:0,(anonymous_8)
DA:1,1
DA:2,1
DA:3,1
DA:4,1
DA:5,1
DA:7,1
DA:8,1
DA:11,1
DA:12,0
DA:13,0
DA:14,0
DA:16,0
DA:17,0
DA:23,1
DA:24,0
DA:25,0
DA:31,1
DA:32,0
DA:33,0
DA:35,0
DA:44,0
DA:46,0
DA:51,1
DA:52,0
DA:53,0
DA:57,1
DA:58,1
DA:59,1
DA:60,1
DA:62,0
DA:67,1
DA:68,0
DA:69,0
DA:70,0
DA:72,0
DA:77,1
DA:78,0
DA:79,0
DA:81,0
DA:82,0
DA:84,0
DA:87,0
DA:92,1
DA:93,0
DA:96,1
LF:45
LH:19
BRDA:13,0,0,0
BRDA:13,0,1,0
BRDA:13,1,0,0
BRDA:13,1,1,0
BRDA:33,2,0,0
BRDA:33,2,1,0
BRDA:53,3,0,0
BRDA:53,3,1,0
BRDA:70,4,0,0
BRDA:70,4,1,0
BRDA:81,5,0,0
BRDA:81,5,1,0
BRDA:92,6,0,0
BRDA:92,6,1,1
BRF:14
BRH:1
end_of_record
