TN:
SF:authMiddleware.js
FN:7,authorize
FN:8,(anonymous_1)
FN:22,(anonymous_2)
FNF:3
FNH:3
FNDA:3,authorize
FNDA:5,(anonymous_1)
FNDA:4,(anonymous_2)
DA:1,1
DA:5,1
DA:8,3
DA:9,5
DA:11,5
DA:12,1
DA:16,4
DA:18,4
DA:19,0
DA:22,4
DA:23,4
DA:24,0
DA:29,4
DA:30,1
DA:33,3
DA:34,3
DA:39,1
LF:17
LH:15
BRDA:5,0,0,1
BRDA:5,0,1,1
BRDA:11,1,0,1
BRDA:11,1,1,4
BRDA:18,2,0,0
BRDA:18,2,1,4
BRDA:23,3,0,0
BRDA:23,3,1,4
BRDA:29,4,0,1
BRDA:29,4,1,3
BRDA:29,5,0,4
BRDA:29,5,1,4
BRDA:29,5,2,1
BRF:13
BRH:11
end_of_record
TN:
SF:database.js
FNF:0
FNH:0
DA:1,1
DA:4,1
DA:10,1
DA:26,1
LF:4
LH:4
BRF:0
BRH:0
end_of_record
TN:
SF:index.js
FN:11,(anonymous_0)
FN:23,(anonymous_1)
FN:35,(anonymous_2)
FN:55,(anonymous_3)
FN:65,(anonymous_4)
FN:75,(anonymous_5)
FN:87,(anonymous_6)
FN:103,(anonymous_7)
FN:103,(anonymous_8)
FNF:9
FNH:7
FNDA:2,(anonymous_0)
FNDA:1,(anonymous_1)
FNDA:1,(anonymous_2)
FNDA:1,(anonymous_3)
FNDA:1,(anonymous_4)
FNDA:1,(anonymous_5)
FNDA:1,(anonymous_6)
FNDA:0,(anonymous_7)
FNDA:0,(anonymous_8)
DA:1,1
DA:2,1
DA:3,1
DA:4,1
DA:5,1
DA:7,1
DA:8,1
DA:11,1
DA:12,2
DA:13,2
DA:14,1
DA:16,1
DA:17,1
DA:23,1
DA:24,1
DA:25,1
DA:26,1
DA:28,0
DA:35,1
DA:36,1
DA:37,1
DA:39,1
DA:48,1
DA:50,0
DA:55,1
DA:56,1
DA:57,1
DA:58,1
DA:60,0
DA:65,1
DA:66,1
DA:67,1
DA:68,1
DA:70,0
DA:75,1
DA:76,1
DA:77,1
DA:78,1
DA:82,0
DA:87,1
DA:88,1
DA:89,1
DA:91,1
DA:92,1
DA:94,0
DA:97,0
DA:102,1
DA:103,0
DA:106,1
LF:49
LH:41
BRDA:13,0,0,1
BRDA:13,0,1,1
BRDA:13,1,0,2
BRDA:13,1,1,1
BRDA:37,2,0,1
BRDA:37,2,1,0
BRDA:58,3,0,0
BRDA:58,3,1,1
BRDA:78,4,0,1
BRDA:78,4,1,0
BRDA:91,5,0,1
BRDA:91,5,1,0
BRDA:102,6,0,0
BRDA:102,6,1,1
BRF:14
BRH:9
end_of_record
